<?xml version="1.0" encoding="UTF-8"?>
<!-- Generated by org.testng.reporters.JUnitXMLReporter -->
<testsuite hostname="LAPTOP-8K2AQS5L" ignored="0" name="Test" tests="8" failures="0" timestamp="10 Mar 2022 18:14:06 GMT" time="54.296" errors="0">
  <testcase name="TabVerification" time="24.753" classname="Hotelapp_Login.HomePageTest"/>
  <testcase name="getSubcritionMsg" time="4.208" classname="Hotelapp_Login.HomePageTest"/>
  <testcase name="getTabDispaly" time="0.167" classname="Hotelapp_Login.HomePageTest"/>
  <testcase name="verifySizelist" time="2.823" classname="Hotelapp_Login.dressPageTest"/>
  <testcase name="VerifyProductCountMatch" time="5.886" classname="Hotelapp_Login.dressPageMatch"/>
  <testcase name="btnVerifyTweet" time="8.039" classname="Hotelapp_Login.TweetPageTest"/>
  <testcase name="discribtionWordCount" time="0.082" classname="Hotelapp_Login.TweetPageTest"/>
  <testcase name="AddtoCatd" time="8.277" classname="Hotelapp_Login.addToCartTest"/>
</testsuite> <!-- Test -->
