<?xml version="1.0" encoding="UTF-8"?>
<testng-results skipped="0" failed="0" ignored="0" total="1" passed="1">
  <reporter-output>
  </reporter-output>
  <suite name="Default suite" duration-ms="5814" started-at="2022-03-11T03:27:46Z" finished-at="2022-03-11T03:27:52Z">
    <groups>
    </groups>
    <test name="Default test" duration-ms="5814" started-at="2022-03-11T03:27:46Z" finished-at="2022-03-11T03:27:52Z">
      <class name="Hotelapp_Login.addToCartTest">
        <test-method status="PASS" signature="AddtoCatd()[pri:0, instance:Hotelapp_Login.addToCartTest@bff34c6]" name="AddtoCatd" duration-ms="5762" started-at="2022-03-11T03:27:46Z" finished-at="2022-03-11T03:27:52Z">
          <reporter-output>
          </reporter-output>
        </test-method> <!-- AddtoCatd -->
      </class> <!-- Hotelapp_Login.addToCartTest -->
    </test> <!-- Default test -->
  </suite> <!-- Default suite -->
</testng-results>
